<?xml version="1.0" encoding="UTF-8"?>
<!-- Generated by org.testng.reporters.JUnitXMLReporter -->
<testsuite hostname="BDC8-LX-G01L1KB" ignored="4" name="Test" tests="4" failures="0" timestamp="09 Oct 2019 10:10:19 GMT" time="35.728" errors="0">
  <testcase name="validate_support" time="2.005" classname="testNGDemos.DepondsOnMethodsTest"/>
  <testcase name="validate_signOn" time="2.116" classname="testNGDemos.IgnoreTestSteps"/>
  <testcase name="validate_register" time="3.488" classname="testNGDemos.DepondsOnMethodsTest"/>
  <testcase name="validate_contact" time="5.953" classname="testNGDemos.IgnoreTestSteps"/>
  <testcase name="validate_register" time="0.0" classname="testNGDemos.IgnoreTestSteps">
    <ignored/>
  </testcase> <!-- validate_register -->
  <testcase name="validate_support" time="0.0" classname="testNGDemos.IgnoreTestSteps">
    <ignored/>
  </testcase> <!-- validate_support -->
  <testcase name="validate_contact" time="0.0" classname="testNGDemos.DepondsOnMethodsTest">
    <ignored/>
  </testcase> <!-- validate_contact -->
  <testcase name="validate_signOn" time="0.0" classname="testNGDemos.DepondsOnMethodsTest">
    <ignored/>
  </testcase> <!-- validate_signOn -->
</testsuite> <!-- Test -->
